PACKAGE ()
ID ()
SEMICOLON ()
FUNC ()
ID ()
LPAR ()
RPAR ()
LBRACE ()
PRINT ()
LPAR ()
STRLIT ()
RPAR ()
SEMICOLON ()
IF ()
INTLIT ()
PLUS ()
INTLIT ()
LBRACE ()
LBRACE ()
PRINT ()
LPAR ()
STRLIT ()
RPAR ()
SEMICOLON ()
RBRACE ()
RBRACE ()
SEMICOLON ()
SEMICOLON ()
IF ()
INTLIT ()
PLUS ()
INTLIT ()
LBRACE ()
LBRACE ()
RBRACE ()
SEMICOLON ()
SEMICOLON ()
FOR ()
LBRACE ()
RBRACE ()
SEMICOLON ()
LBRACE ()
PRINT ()
LPAR ()
STRLIT ()
RPAR ()
SEMICOLON ()
PRINT ()
LPAR ()
STRLIT ()
RPAR ()
SEMICOLON ()
RBRACE ()
RBRACE ()
SEMICOLON ()
IF ()
INTLIT ()
PLUS ()
INTLIT ()
LBRACE ()
LBRACE ()
ID ()
ASSIGN ()
INTLIT ()
SEMICOLON ()
SEMICOLON ()
RBRACE ()
RBRACE ()
SEMICOLON ()
SEMICOLON ()
IF ()
INTLIT ()
PLUS ()
INTLIT ()
LBRACE ()
LBRACE ()
ID ()
ASSIGN ()
INTLIT ()
SEMICOLON ()
SEMICOLON ()
RBRACE ()
RBRACE ()
ELSE ()
LBRACE ()
RBRACE ()
SEMICOLON ()
RBRACE ()
RBRACE ()
SEMICOLON ()
SEMICOLON ()
SEMICOLON ()
